<?xml version="1.0" encoding="UTF-8" ?>
<testsuite tests="1" failures="1" name="org.tp.TechTest.AppTest" time="0" errors="0" skipped="0">
  <properties>
[...]
</properties>
  <testcase classname="org.tp.TechTest.AppTest" name="testApp" time="0">
    <failure type="junit.framework.AssertionFailedError">junit.framework.AssertionFailedError
	at junit.framework.Assert.fail(Assert.java:47)
	at junit.framework.Assert.assertTrue(Assert.java:20)
	at junit.framework.Assert.assertTrue(Assert.java:27)
	at org.tp.TechTest.AppTest.testApp(AppTest.java:36)
</failure>
  </testcase>
</testsuite>